[debug] [2020-03-08T21:09:08.450Z] ----------------------------------------------------------------------
[debug] [2020-03-08T21:09:08.452Z] Command:       /usr/local/bin/firebase /Users/sharon/.cache/firebase/tools/lib/node_modules/firebase-tools/lib/bin/firebase init
[debug] [2020-03-08T21:09:08.452Z] CLI Version:   7.14.0
[debug] [2020-03-08T21:09:08.452Z] Platform:      darwin
[debug] [2020-03-08T21:09:08.452Z] Node Version:  v12.13.1
[debug] [2020-03-08T21:09:08.453Z] Time:          Sun Mar 08 2020 14:09:08 GMT-0700 (Pacific Daylight Time)
[debug] [2020-03-08T21:09:08.453Z] ----------------------------------------------------------------------
[debug] [2020-03-08T21:09:08.453Z] 
[debug] [2020-03-08T21:09:08.459Z] > command requires scopes: ["email","openid","https://www.googleapis.com/auth/cloudplatformprojects.readonly","https://www.googleapis.com/auth/firebase","https://www.googleapis.com/auth/cloud-platform"]
[debug] [2020-03-08T21:09:08.459Z] > authorizing via signed-in user
[info] 
     ######## #### ########  ######## ########     ###     ######  ########
     ##        ##  ##     ## ##       ##     ##  ##   ##  ##       ##
     ######    ##  ########  ######   ########  #########  ######  ######
     ##        ##  ##    ##  ##       ##     ## ##     ##       ## ##
     ##       #### ##     ## ######## ########  ##     ##  ######  ########

You're about to initialize a Firebase project in this directory:

  /Users/sharon/Desktop/Capstone

[info] 
=== Project Setup
[info] 
[info] First, let's associate this project directory with a Firebase project.
[info] You can create multiple project aliases by running firebase use --add, 
[info] but for now we'll just set up a default project.
[info] 
[debug] [2020-03-08T21:10:37.533Z] > refreshing access token with scopes: ["email","https://www.googleapis.com/auth/cloud-platform","https://www.googleapis.com/auth/cloudplatformprojects.readonly","https://www.googleapis.com/auth/firebase","openid"]
[debug] [2020-03-08T21:10:37.533Z] >>> HTTP REQUEST POST https://www.googleapis.com/oauth2/v3/token  
 <request body omitted>
[debug] [2020-03-08T21:10:37.672Z] <<< HTTP RESPONSE 200
[debug] [2020-03-08T21:10:37.682Z] >>> HTTP REQUEST GET https://firebase.googleapis.com/v1beta1/projects?pageSize=100  
 
[debug] [2020-03-08T21:10:38.112Z] <<< HTTP RESPONSE 200
[info] i  Using project wildlifetracker-c58ec (WildLifeTracker)
[info] 
=== Database Setup
[info] 
[info] Firebase Realtime Database Rules allow you to define how your data should be
[info] structured and when your data can be read from and written to.
[info] 
